[0.304s] Invoking command in '/home/mertcan/ros2YT_ws/src/my_py_pkg': PYTHONPATH=/home/mertcan/ros2YT_ws/build/my_py_pkg/prefix_override:/usr/lib/python3/dist-packages/colcon_core/task/python/colcon_distutils_commands:/home/mertcan/ros2YT_ws/install/my_py_pkg/lib/python3.10/site-packages:${PYTHONPATH} /usr/bin/python3 -W ignore:setup.py install is deprecated -W ignore:easy_install command is deprecated setup.py egg_info --egg-base ../../build/my_py_pkg build --build-base /home/mertcan/ros2YT_ws/build/my_py_pkg/build install --record /home/mertcan/ros2YT_ws/build/my_py_pkg/install.log --single-version-externally-managed install_data
[0.408s] running egg_info
[0.408s] creating ../../build/my_py_pkg/my_py_pkg.egg-info
[0.408s] writing ../../build/my_py_pkg/my_py_pkg.egg-info/PKG-INFO
[0.408s] writing dependency_links to ../../build/my_py_pkg/my_py_pkg.egg-info/dependency_links.txt
[0.408s] writing entry points to ../../build/my_py_pkg/my_py_pkg.egg-info/entry_points.txt
[0.408s] writing requirements to ../../build/my_py_pkg/my_py_pkg.egg-info/requires.txt
[0.408s] writing top-level names to ../../build/my_py_pkg/my_py_pkg.egg-info/top_level.txt
[0.408s] writing manifest file '../../build/my_py_pkg/my_py_pkg.egg-info/SOURCES.txt'
[0.409s] reading manifest file '../../build/my_py_pkg/my_py_pkg.egg-info/SOURCES.txt'
[0.409s] writing manifest file '../../build/my_py_pkg/my_py_pkg.egg-info/SOURCES.txt'
[0.409s] running build
[0.409s] running build_py
[0.409s] creating /home/mertcan/ros2YT_ws/build/my_py_pkg/build
[0.409s] creating /home/mertcan/ros2YT_ws/build/my_py_pkg/build/lib
[0.409s] creating /home/mertcan/ros2YT_ws/build/my_py_pkg/build/lib/my_py_pkg
[0.409s] copying my_py_pkg/__init__.py -> /home/mertcan/ros2YT_ws/build/my_py_pkg/build/lib/my_py_pkg
[0.410s] running install
[0.410s] running install_lib
[0.410s] creating /home/mertcan/ros2YT_ws/install/my_py_pkg/lib/python3.10/site-packages/my_py_pkg
[0.410s] copying /home/mertcan/ros2YT_ws/build/my_py_pkg/build/lib/my_py_pkg/__init__.py -> /home/mertcan/ros2YT_ws/install/my_py_pkg/lib/python3.10/site-packages/my_py_pkg
[0.410s] byte-compiling /home/mertcan/ros2YT_ws/install/my_py_pkg/lib/python3.10/site-packages/my_py_pkg/__init__.py to __init__.cpython-310.pyc
[0.410s] running install_data
[0.410s] creating /home/mertcan/ros2YT_ws/install/my_py_pkg/share/ament_index
[0.410s] creating /home/mertcan/ros2YT_ws/install/my_py_pkg/share/ament_index/resource_index
[0.410s] creating /home/mertcan/ros2YT_ws/install/my_py_pkg/share/ament_index/resource_index/packages
[0.410s] copying resource/my_py_pkg -> /home/mertcan/ros2YT_ws/install/my_py_pkg/share/ament_index/resource_index/packages
[0.410s] copying package.xml -> /home/mertcan/ros2YT_ws/install/my_py_pkg/share/my_py_pkg
[0.410s] running install_egg_info
[0.411s] Copying ../../build/my_py_pkg/my_py_pkg.egg-info to /home/mertcan/ros2YT_ws/install/my_py_pkg/lib/python3.10/site-packages/my_py_pkg-0.0.0-py3.10.egg-info
[0.412s] running install_scripts
[0.421s] writing list of installed files to '/home/mertcan/ros2YT_ws/build/my_py_pkg/install.log'
[0.432s] Invoked command in '/home/mertcan/ros2YT_ws/src/my_py_pkg' returned '0': PYTHONPATH=/home/mertcan/ros2YT_ws/build/my_py_pkg/prefix_override:/usr/lib/python3/dist-packages/colcon_core/task/python/colcon_distutils_commands:/home/mertcan/ros2YT_ws/install/my_py_pkg/lib/python3.10/site-packages:${PYTHONPATH} /usr/bin/python3 -W ignore:setup.py install is deprecated -W ignore:easy_install command is deprecated setup.py egg_info --egg-base ../../build/my_py_pkg build --build-base /home/mertcan/ros2YT_ws/build/my_py_pkg/build install --record /home/mertcan/ros2YT_ws/build/my_py_pkg/install.log --single-version-externally-managed install_data
