[0.280s] Invoking command in '/home/mertcan/ros2YT_ws/src/my_py_pkg': PYTHONPATH=/home/mertcan/ros2YT_ws/build/my_py_pkg/prefix_override:/usr/lib/python3/dist-packages/colcon_core/task/python/colcon_distutils_commands:/home/mertcan/ros2YT_ws/install/my_py_pkg/lib/python3.10/site-packages:${PYTHONPATH} /usr/bin/python3 -W ignore:setup.py install is deprecated -W ignore:easy_install command is deprecated setup.py egg_info --egg-base ../../build/my_py_pkg build --build-base /home/mertcan/ros2YT_ws/build/my_py_pkg/build install --record /home/mertcan/ros2YT_ws/build/my_py_pkg/install.log --single-version-externally-managed install_data
[0.388s] running egg_info
[0.388s] writing ../../build/my_py_pkg/my_py_pkg.egg-info/PKG-INFO
[0.388s] writing dependency_links to ../../build/my_py_pkg/my_py_pkg.egg-info/dependency_links.txt
[0.388s] writing entry points to ../../build/my_py_pkg/my_py_pkg.egg-info/entry_points.txt
[0.388s] writing requirements to ../../build/my_py_pkg/my_py_pkg.egg-info/requires.txt
[0.388s] writing top-level names to ../../build/my_py_pkg/my_py_pkg.egg-info/top_level.txt
[0.390s] reading manifest file '../../build/my_py_pkg/my_py_pkg.egg-info/SOURCES.txt'
[0.390s] writing manifest file '../../build/my_py_pkg/my_py_pkg.egg-info/SOURCES.txt'
[0.390s] running build
[0.390s] running build_py
[0.390s] copying my_py_pkg/my_first_node.py -> /home/mertcan/ros2YT_ws/build/my_py_pkg/build/lib/my_py_pkg
[0.390s] running install
[0.390s] running install_lib
[0.390s] copying /home/mertcan/ros2YT_ws/build/my_py_pkg/build/lib/my_py_pkg/my_first_node.py -> /home/mertcan/ros2YT_ws/install/my_py_pkg/lib/python3.10/site-packages/my_py_pkg
[0.390s] byte-compiling /home/mertcan/ros2YT_ws/install/my_py_pkg/lib/python3.10/site-packages/my_py_pkg/my_first_node.py to my_first_node.cpython-310.pyc
[0.391s] running install_data
[0.391s] running install_egg_info
[0.392s] removing '/home/mertcan/ros2YT_ws/install/my_py_pkg/lib/python3.10/site-packages/my_py_pkg-0.0.0-py3.10.egg-info' (and everything under it)
[0.392s] Copying ../../build/my_py_pkg/my_py_pkg.egg-info to /home/mertcan/ros2YT_ws/install/my_py_pkg/lib/python3.10/site-packages/my_py_pkg-0.0.0-py3.10.egg-info
[0.392s] running install_scripts
[0.402s] Installing py_node script to /home/mertcan/ros2YT_ws/install/my_py_pkg/lib/my_py_pkg
[0.402s] writing list of installed files to '/home/mertcan/ros2YT_ws/build/my_py_pkg/install.log'
[0.411s] Invoked command in '/home/mertcan/ros2YT_ws/src/my_py_pkg' returned '0': PYTHONPATH=/home/mertcan/ros2YT_ws/build/my_py_pkg/prefix_override:/usr/lib/python3/dist-packages/colcon_core/task/python/colcon_distutils_commands:/home/mertcan/ros2YT_ws/install/my_py_pkg/lib/python3.10/site-packages:${PYTHONPATH} /usr/bin/python3 -W ignore:setup.py install is deprecated -W ignore:easy_install command is deprecated setup.py egg_info --egg-base ../../build/my_py_pkg build --build-base /home/mertcan/ros2YT_ws/build/my_py_pkg/build install --record /home/mertcan/ros2YT_ws/build/my_py_pkg/install.log --single-version-externally-managed install_data
