[0.326s] Invoking command in '/home/mertcan/ros2YT_ws/build/my_py_pkg': PYTHONPATH=/home/mertcan/ros2YT_ws/build/my_py_pkg/prefix_override:/usr/lib/python3/dist-packages/colcon_core/task/python/colcon_distutils_commands:/home/mertcan/ros2YT_ws/install/my_py_pkg/lib/python3.10/site-packages:${PYTHONPATH} /usr/bin/python3 -W ignore:setup.py install is deprecated -W ignore:easy_install command is deprecated setup.py develop --editable --build-directory /home/mertcan/ros2YT_ws/build/my_py_pkg/build --no-deps symlink_data --force
[0.449s] running develop
[0.528s] running egg_info
[0.528s] writing my_py_pkg.egg-info/PKG-INFO
[0.528s] writing dependency_links to my_py_pkg.egg-info/dependency_links.txt
[0.528s] writing entry points to my_py_pkg.egg-info/entry_points.txt
[0.528s] writing requirements to my_py_pkg.egg-info/requires.txt
[0.528s] writing top-level names to my_py_pkg.egg-info/top_level.txt
[0.529s] reading manifest file 'my_py_pkg.egg-info/SOURCES.txt'
[0.529s] writing manifest file 'my_py_pkg.egg-info/SOURCES.txt'
[0.530s] running build_ext
[0.530s] Creating /home/mertcan/ros2YT_ws/install/my_py_pkg/lib/python3.10/site-packages/my-py-pkg.egg-link (link to .)
[0.531s] Installing py_node script to /home/mertcan/ros2YT_ws/install/my_py_pkg/lib/my_py_pkg
[0.531s] Installing state_publisher script to /home/mertcan/ros2YT_ws/install/my_py_pkg/lib/my_py_pkg
[0.531s] 
[0.531s] Installed /home/mertcan/ros2YT_ws/build/my_py_pkg
[0.531s] running symlink_data
[0.531s] symbolically linking /home/mertcan/ros2YT_ws/build/my_py_pkg/resource/my_py_pkg -> /home/mertcan/ros2YT_ws/install/my_py_pkg/share/ament_index/resource_index/packages
[0.531s] symbolically linking /home/mertcan/ros2YT_ws/build/my_py_pkg/package.xml -> /home/mertcan/ros2YT_ws/install/my_py_pkg/share/my_py_pkg
[0.543s] Invoked command in '/home/mertcan/ros2YT_ws/build/my_py_pkg' returned '0': PYTHONPATH=/home/mertcan/ros2YT_ws/build/my_py_pkg/prefix_override:/usr/lib/python3/dist-packages/colcon_core/task/python/colcon_distutils_commands:/home/mertcan/ros2YT_ws/install/my_py_pkg/lib/python3.10/site-packages:${PYTHONPATH} /usr/bin/python3 -W ignore:setup.py install is deprecated -W ignore:easy_install command is deprecated setup.py develop --editable --build-directory /home/mertcan/ros2YT_ws/build/my_py_pkg/build --no-deps symlink_data --force
