[0.314s] Invoking command in '/home/mertcan/ros2YT_ws/build/my_py_pkg': PYTHONPATH=/home/mertcan/ros2YT_ws/build/my_py_pkg/prefix_override:/usr/lib/python3/dist-packages/colcon_core/task/python/colcon_distutils_commands:/home/mertcan/ros2YT_ws/install/my_py_pkg/lib/python3.10/site-packages:${PYTHONPATH} /usr/bin/python3 -W ignore:setup.py install is deprecated -W ignore:easy_install command is deprecated setup.py develop --uninstall --editable --build-directory /home/mertcan/ros2YT_ws/build/my_py_pkg/build
[0.440s] running develop
[0.523s] Removing /home/mertcan/ros2YT_ws/install/my_py_pkg/lib/python3.10/site-packages/my-py-pkg.egg-link (link to .)
[0.537s] Invoked command in '/home/mertcan/ros2YT_ws/build/my_py_pkg' returned '0': PYTHONPATH=/home/mertcan/ros2YT_ws/build/my_py_pkg/prefix_override:/usr/lib/python3/dist-packages/colcon_core/task/python/colcon_distutils_commands:/home/mertcan/ros2YT_ws/install/my_py_pkg/lib/python3.10/site-packages:${PYTHONPATH} /usr/bin/python3 -W ignore:setup.py install is deprecated -W ignore:easy_install command is deprecated setup.py develop --uninstall --editable --build-directory /home/mertcan/ros2YT_ws/build/my_py_pkg/build
[0.537s] Invoking command in '/home/mertcan/ros2YT_ws/src/my_py_pkg': PYTHONPATH=/home/mertcan/ros2YT_ws/build/my_py_pkg/prefix_override:/usr/lib/python3/dist-packages/colcon_core/task/python/colcon_distutils_commands:/home/mertcan/ros2YT_ws/install/my_py_pkg/lib/python3.10/site-packages:${PYTHONPATH} /usr/bin/python3 -W ignore:setup.py install is deprecated -W ignore:easy_install command is deprecated setup.py egg_info --egg-base ../../build/my_py_pkg build --build-base /home/mertcan/ros2YT_ws/build/my_py_pkg/build install --record /home/mertcan/ros2YT_ws/build/my_py_pkg/install.log --single-version-externally-managed install_data --force
[0.653s] running egg_info
[0.653s] writing ../../build/my_py_pkg/my_py_pkg.egg-info/PKG-INFO
[0.653s] writing dependency_links to ../../build/my_py_pkg/my_py_pkg.egg-info/dependency_links.txt
[0.653s] writing entry points to ../../build/my_py_pkg/my_py_pkg.egg-info/entry_points.txt
[0.653s] writing requirements to ../../build/my_py_pkg/my_py_pkg.egg-info/requires.txt
[0.653s] writing top-level names to ../../build/my_py_pkg/my_py_pkg.egg-info/top_level.txt
[0.654s] reading manifest file '../../build/my_py_pkg/my_py_pkg.egg-info/SOURCES.txt'
[0.655s] writing manifest file '../../build/my_py_pkg/my_py_pkg.egg-info/SOURCES.txt'
[0.655s] running build
[0.655s] running build_py
[0.655s] copying my_py_pkg/robot_state_publisher.py -> /home/mertcan/ros2YT_ws/build/my_py_pkg/build/lib/my_py_pkg
[0.655s] copying my_py_pkg/robot_state_subscriber.py -> /home/mertcan/ros2YT_ws/build/my_py_pkg/build/lib/my_py_pkg
[0.655s] running install
[0.655s] running install_lib
[0.656s] creating /home/mertcan/ros2YT_ws/install/my_py_pkg/lib/python3.10/site-packages/my_py_pkg
[0.656s] copying /home/mertcan/ros2YT_ws/build/my_py_pkg/build/lib/my_py_pkg/my_first_node.py -> /home/mertcan/ros2YT_ws/install/my_py_pkg/lib/python3.10/site-packages/my_py_pkg
[0.656s] copying /home/mertcan/ros2YT_ws/build/my_py_pkg/build/lib/my_py_pkg/__init__.py -> /home/mertcan/ros2YT_ws/install/my_py_pkg/lib/python3.10/site-packages/my_py_pkg
[0.656s] copying /home/mertcan/ros2YT_ws/build/my_py_pkg/build/lib/my_py_pkg/robot_state_publisher.py -> /home/mertcan/ros2YT_ws/install/my_py_pkg/lib/python3.10/site-packages/my_py_pkg
[0.656s] copying /home/mertcan/ros2YT_ws/build/my_py_pkg/build/lib/my_py_pkg/robot_state_subscriber.py -> /home/mertcan/ros2YT_ws/install/my_py_pkg/lib/python3.10/site-packages/my_py_pkg
[0.656s] byte-compiling /home/mertcan/ros2YT_ws/install/my_py_pkg/lib/python3.10/site-packages/my_py_pkg/my_first_node.py to my_first_node.cpython-310.pyc
[0.656s] byte-compiling /home/mertcan/ros2YT_ws/install/my_py_pkg/lib/python3.10/site-packages/my_py_pkg/__init__.py to __init__.cpython-310.pyc
[0.656s] byte-compiling /home/mertcan/ros2YT_ws/install/my_py_pkg/lib/python3.10/site-packages/my_py_pkg/robot_state_publisher.py to robot_state_publisher.cpython-310.pyc
[0.656s] byte-compiling /home/mertcan/ros2YT_ws/install/my_py_pkg/lib/python3.10/site-packages/my_py_pkg/robot_state_subscriber.py to robot_state_subscriber.cpython-310.pyc
[0.656s] running install_data
[0.656s] copying resource/my_py_pkg -> /home/mertcan/ros2YT_ws/install/my_py_pkg/share/ament_index/resource_index/packages
[0.657s] copying package.xml -> /home/mertcan/ros2YT_ws/install/my_py_pkg/share/my_py_pkg
[0.657s] running install_egg_info
[0.658s] Copying ../../build/my_py_pkg/my_py_pkg.egg-info to /home/mertcan/ros2YT_ws/install/my_py_pkg/lib/python3.10/site-packages/my_py_pkg-0.0.0-py3.10.egg-info
[0.658s] running install_scripts
[0.669s] Installing py_node script to /home/mertcan/ros2YT_ws/install/my_py_pkg/lib/my_py_pkg
[0.669s] Installing state_publisher script to /home/mertcan/ros2YT_ws/install/my_py_pkg/lib/my_py_pkg
[0.669s] writing list of installed files to '/home/mertcan/ros2YT_ws/build/my_py_pkg/install.log'
[0.681s] Invoked command in '/home/mertcan/ros2YT_ws/src/my_py_pkg' returned '0': PYTHONPATH=/home/mertcan/ros2YT_ws/build/my_py_pkg/prefix_override:/usr/lib/python3/dist-packages/colcon_core/task/python/colcon_distutils_commands:/home/mertcan/ros2YT_ws/install/my_py_pkg/lib/python3.10/site-packages:${PYTHONPATH} /usr/bin/python3 -W ignore:setup.py install is deprecated -W ignore:easy_install command is deprecated setup.py egg_info --egg-base ../../build/my_py_pkg build --build-base /home/mertcan/ros2YT_ws/build/my_py_pkg/build install --record /home/mertcan/ros2YT_ws/build/my_py_pkg/install.log --single-version-externally-managed install_data --force
