[0.279s] Invoking command in '/home/mertcan/ros2YT_ws/src/my_py_pkg': PYTHONPATH=/home/mertcan/ros2YT_ws/build/my_py_pkg/prefix_override:/usr/lib/python3/dist-packages/colcon_core/task/python/colcon_distutils_commands:/home/mertcan/ros2YT_ws/install/my_py_pkg/lib/python3.10/site-packages:${PYTHONPATH} /usr/bin/python3 -W ignore:setup.py install is deprecated -W ignore:easy_install command is deprecated setup.py egg_info --egg-base ../../build/my_py_pkg build --build-base /home/mertcan/ros2YT_ws/build/my_py_pkg/build install --record /home/mertcan/ros2YT_ws/build/my_py_pkg/install.log --single-version-externally-managed install_data
[0.399s] running egg_info
[0.400s] writing ../../build/my_py_pkg/my_py_pkg.egg-info/PKG-INFO
[0.400s] writing dependency_links to ../../build/my_py_pkg/my_py_pkg.egg-info/dependency_links.txt
[0.400s] writing entry points to ../../build/my_py_pkg/my_py_pkg.egg-info/entry_points.txt
[0.400s] writing requirements to ../../build/my_py_pkg/my_py_pkg.egg-info/requires.txt
[0.400s] writing top-level names to ../../build/my_py_pkg/my_py_pkg.egg-info/top_level.txt
[0.401s] reading manifest file '../../build/my_py_pkg/my_py_pkg.egg-info/SOURCES.txt'
[0.401s] writing manifest file '../../build/my_py_pkg/my_py_pkg.egg-info/SOURCES.txt'
[0.401s] running build
[0.401s] running build_py
[0.401s] copying my_py_pkg/robot_state_publisher.py -> /home/mertcan/ros2YT_ws/build/my_py_pkg/build/lib/my_py_pkg
[0.401s] running install
[0.401s] running install_lib
[0.402s] copying /home/mertcan/ros2YT_ws/build/my_py_pkg/build/lib/my_py_pkg/robot_state_publisher.py -> /home/mertcan/ros2YT_ws/install/my_py_pkg/lib/python3.10/site-packages/my_py_pkg
[0.402s] byte-compiling /home/mertcan/ros2YT_ws/install/my_py_pkg/lib/python3.10/site-packages/my_py_pkg/robot_state_publisher.py to robot_state_publisher.cpython-310.pyc
[0.402s] running install_data
[0.402s] running install_egg_info
[0.403s] removing '/home/mertcan/ros2YT_ws/install/my_py_pkg/lib/python3.10/site-packages/my_py_pkg-0.0.0-py3.10.egg-info' (and everything under it)
[0.403s] Copying ../../build/my_py_pkg/my_py_pkg.egg-info to /home/mertcan/ros2YT_ws/install/my_py_pkg/lib/python3.10/site-packages/my_py_pkg-0.0.0-py3.10.egg-info
[0.403s] running install_scripts
[0.413s] Installing py_node script to /home/mertcan/ros2YT_ws/install/my_py_pkg/lib/my_py_pkg
[0.413s] Installing state_publisher script to /home/mertcan/ros2YT_ws/install/my_py_pkg/lib/my_py_pkg
[0.413s] writing list of installed files to '/home/mertcan/ros2YT_ws/build/my_py_pkg/install.log'
[0.424s] Invoked command in '/home/mertcan/ros2YT_ws/src/my_py_pkg' returned '0': PYTHONPATH=/home/mertcan/ros2YT_ws/build/my_py_pkg/prefix_override:/usr/lib/python3/dist-packages/colcon_core/task/python/colcon_distutils_commands:/home/mertcan/ros2YT_ws/install/my_py_pkg/lib/python3.10/site-packages:${PYTHONPATH} /usr/bin/python3 -W ignore:setup.py install is deprecated -W ignore:easy_install command is deprecated setup.py egg_info --egg-base ../../build/my_py_pkg build --build-base /home/mertcan/ros2YT_ws/build/my_py_pkg/build install --record /home/mertcan/ros2YT_ws/build/my_py_pkg/install.log --single-version-externally-managed install_data
